<?xml version="1.0" encoding="UTF-8" ?>
<testsuites disabled="0" errors="0" failures="1" tests="10" time="214.345">
 <testsuite name="Testing Capitalone Bank page" timestamp="2019-08-09T00:44:13" hostname="localhost" time="107.173" errors="0" tests="0" skipped="0" disabled="0" failures="0">
 </testsuite>
 <testsuite name="Testing Capitalone Bank page.Testing CapitalOne.com main page footer functionalities" timestamp="2019-08-09T00:44:13" hostname="localhost" time="107.172" errors="0" tests="10" skipped="1" disabled="0" failures="1">
  <testcase classname="Testing Capitalone Bank page.Testing CapitalOne.com main page footer functionalities" name="should test footer logo and social media icons are displayed" time="6.593" />
  <testcase classname="Testing Capitalone Bank page.Testing CapitalOne.com main page footer functionalities" name="should check footer section product names" time="3.876" />
  <testcase classname="Testing Capitalone Bank page.Testing CapitalOne.com main page footer functionalities" name="should chek instagram icon works properly" time="12.371" />
  <testcase classname="Testing Capitalone Bank page.Testing CapitalOne.com main page footer functionalities" name="should chek twitter icon works properly" time="15.586" />
  <testcase classname="Testing Capitalone Bank page.Testing CapitalOne.com main page footer functionalities" name="should chek facebook icon works properly" time="17.694" />
  <testcase classname="Testing Capitalone Bank page.Testing CapitalOne.com main page footer functionalities" name="should chek linkedIn icon works properly" time="9.976" />
  <testcase classname="Testing Capitalone Bank page.Testing CapitalOne.com main page footer functionalities" name="should chek youTube icon works properly" time="11.221" />
  <testcase classname="Testing Capitalone Bank page.Testing CapitalOne.com main page footer functionalities" name="should check Feedback icon is works properly" time="0.005">
   <skipped message="Temporarily disabled with xit" />
  </testcase>
  <testcase classname="Testing Capitalone Bank page.Testing CapitalOne.com main page footer functionalities" name="should test the Privacy Policy,Security and Terms&amp;Conditions are available for users" time="3.418" />
  <testcase classname="Testing Capitalone Bank page.Testing CapitalOne.com main page footer functionalities" name="should test Call Us and gets phone number" time="15.373">
   <failure type="exception" message="Failed: No element found using locator: By(xpath, //*[@class=&apos;component&apos;][2]/ul[6])"><![CDATA[NoSuchElementError: No element found using locator: By(xpath, //*[@class='component'][2]/ul[6])
    at elementArrayFinder.getWebElements.then (C:\Users\Nazar\AppData\Roaming\npm\node_modules\protractor\built\element.js:814:27)
    at ManagedPromise.invokeCallback_ (C:\Users\Nazar\AppData\Roaming\npm\node_modules\protractor\node_modules\selenium-webdriver\lib\promise.js:1376:14)
    at TaskQueue.execute_ (C:\Users\Nazar\AppData\Roaming\npm\node_modules\protractor\node_modules\selenium-webdriver\lib\promise.js:3084:14)
    at TaskQueue.executeNext_ (C:\Users\Nazar\AppData\Roaming\npm\node_modules\protractor\node_modules\selenium-webdriver\lib\promise.js:3067:27)
    at asyncRun (C:\Users\Nazar\AppData\Roaming\npm\node_modules\protractor\node_modules\selenium-webdriver\lib\promise.js:2927:27)
    at C:\Users\Nazar\AppData\Roaming\npm\node_modules\protractor\node_modules\selenium-webdriver\lib\promise.js:668:7
    at process._tickCallback (internal/process/next_tick.js:68:7)Error
    at ElementArrayFinder.applyAction_ (C:\Users\Nazar\AppData\Roaming\npm\node_modules\protractor\built\element.js:459:27)
    at ElementArrayFinder.(anonymous function).args [as getText] (C:\Users\Nazar\AppData\Roaming\npm\node_modules\protractor\built\element.js:91:29)
    at ElementFinder.(anonymous function).args [as getText] (C:\Users\Nazar\AppData\Roaming\npm\node_modules\protractor\built\element.js:831:22)
    at UserContext.it (C:\Users\Nazar\Desktop\protractorProjects\BugChasersProject\CapitaloneBank\Tests\CapitalOne.spec.js:83:36)
    at C:\Users\Nazar\AppData\Roaming\npm\node_modules\protractor\node_modules\jasminewd2\index.js:112:25
    at new ManagedPromise (C:\Users\Nazar\AppData\Roaming\npm\node_modules\protractor\node_modules\selenium-webdriver\lib\promise.js:1077:7)
    at ControlFlow.promise (C:\Users\Nazar\AppData\Roaming\npm\node_modules\protractor\node_modules\selenium-webdriver\lib\promise.js:2505:12)
    at schedulerExecute (C:\Users\Nazar\AppData\Roaming\npm\node_modules\protractor\node_modules\jasminewd2\index.js:95:18)
    at TaskQueue.execute_ (C:\Users\Nazar\AppData\Roaming\npm\node_modules\protractor\node_modules\selenium-webdriver\lib\promise.js:3084:14)
    at TaskQueue.executeNext_ (C:\Users\Nazar\AppData\Roaming\npm\node_modules\protractor\node_modules\selenium-webdriver\lib\promise.js:3067:27)
From: Task: Run it("should test Call Us and gets phone number") in control flow
    at UserContext.<anonymous> (C:\Users\Nazar\AppData\Roaming\npm\node_modules\protractor\node_modules\jasminewd2\index.js:94:19)
    at attempt (C:\Users\Nazar\AppData\Roaming\npm\node_modules\protractor\node_modules\jasmine-core\lib\jasmine-core\jasmine.js:4297:26)
    at QueueRunner.run (C:\Users\Nazar\AppData\Roaming\npm\node_modules\protractor\node_modules\jasmine-core\lib\jasmine-core\jasmine.js:4217:20)
    at runNext (C:\Users\Nazar\AppData\Roaming\npm\node_modules\protractor\node_modules\jasmine-core\lib\jasmine-core\jasmine.js:4257:20)
    at C:\Users\Nazar\AppData\Roaming\npm\node_modules\protractor\node_modules\jasmine-core\lib\jasmine-core\jasmine.js:4264:13
    at C:\Users\Nazar\AppData\Roaming\npm\node_modules\protractor\node_modules\jasmine-core\lib\jasmine-core\jasmine.js:4172:9
    at C:\Users\Nazar\AppData\Roaming\npm\node_modules\protractor\node_modules\jasminewd2\index.js:64:48
    at ControlFlow.emit (C:\Users\Nazar\AppData\Roaming\npm\node_modules\protractor\node_modules\selenium-webdriver\lib\events.js:62:21)
    at ControlFlow.shutdown_ (C:\Users\Nazar\AppData\Roaming\npm\node_modules\protractor\node_modules\selenium-webdriver\lib\promise.js:2674:10)
    at shutdownTask_.MicroTask (C:\Users\Nazar\AppData\Roaming\npm\node_modules\protractor\node_modules\selenium-webdriver\lib\promise.js:2599:53)
From asynchronous test: 
Error
    at Suite.describe (C:\Users\Nazar\Desktop\protractorProjects\BugChasersProject\CapitaloneBank\Tests\CapitalOne.spec.js:81:9)
    at addSpecsToSuite (C:\Users\Nazar\AppData\Roaming\npm\node_modules\protractor\node_modules\jasmine-core\lib\jasmine-core\jasmine.js:1107:25)
    at Env.describe (C:\Users\Nazar\AppData\Roaming\npm\node_modules\protractor\node_modules\jasmine-core\lib\jasmine-core\jasmine.js:1074:7)
    at describe (C:\Users\Nazar\AppData\Roaming\npm\node_modules\protractor\node_modules\jasmine-core\lib\jasmine-core\jasmine.js:4399:18)
    at Suite.describe (C:\Users\Nazar\Desktop\protractorProjects\BugChasersProject\CapitaloneBank\Tests\CapitalOne.spec.js:10:5)
    at addSpecsToSuite (C:\Users\Nazar\AppData\Roaming\npm\node_modules\protractor\node_modules\jasmine-core\lib\jasmine-core\jasmine.js:1107:25)
    at Env.describe (C:\Users\Nazar\AppData\Roaming\npm\node_modules\protractor\node_modules\jasmine-core\lib\jasmine-core\jasmine.js:1074:7)
    at describe (C:\Users\Nazar\AppData\Roaming\npm\node_modules\protractor\node_modules\jasmine-core\lib\jasmine-core\jasmine.js:4399:18)
    at Object.<anonymous> (C:\Users\Nazar\Desktop\protractorProjects\BugChasersProject\CapitaloneBank\Tests\CapitalOne.spec.js:7:1)]]>
   </failure>
  </testcase>
 </testsuite>
</testsuites>